[06:15:34.542][INFO]: Successfully injected RecipeFS file system
[06:15:34.605][INFO]: Successfully identified and loaded plugin crafttweaker:builtin
[06:15:34.606][INFO]: Successfully identified and loaded plugin crafttweaker:builtin_forge
[06:15:34.612][INFO]: Successfully identified and loaded plugin farmersdelight:crafttweaker_plugin
[06:15:35.584][INFO]: The following mods have explicit CraftTweaker support through the default plugin:
[06:15:35.586][INFO]: - 'aether' at version '1.19.2-1.4.2-forge'
[06:15:35.586][INFO]: - 'aquaculture' at version '1.19.2-2.4.17'
[06:15:35.586][INFO]: - 'crafttweaker' at version '10.1.56'
[06:15:35.586][INFO]: - 'farmersdelight' at version '1.19.2-1.2.4'
[06:15:35.586][INFO]: - 'gamestages' at version '11.1.4'
[06:15:35.587][INFO]: - 'itemstages' at version '5.1.4'
[06:15:53.815][INFO]: Started loading scripts for loader 'initialize'
[06:15:54.738][INFO]: Compiling and executing scripts
[06:15:54.849][INFO]: Successfully initialized modules [crafttweaker, expansions]
[06:15:55.107][INFO]: Execution for loader 'initialize' completed successfully
[06:16:13.612][INFO]: Started loading scripts for loader 'tags'
[06:16:13.648][INFO]: Compiling and executing scripts
[06:16:13.672][INFO]: Successfully initialized modules [crafttweaker, expansions]
[06:16:13.683][INFO]: Execution for loader 'tags' completed successfully
[06:16:20.498][INFO]: Started loading scripts for loader 'crafttweaker'
[06:16:20.538][INFO]: Compiling and executing scripts
[06:16:21.107][INFO]: Successfully initialized modules [mods, crafttweaker, expansions]
[06:16:21.112][INFO]: Loading file 'Cisco.zs' with priority 0
[06:16:21.190][INFO]: Hello world!
[06:16:21.197][INFO]: Adding 'minecraft:smithing' recipe, with name: 'crafttweaker:dreadsteel_chestplate' that outputs: '<item:dreadsteel:dreadsteel_chestplate>'
[06:16:21.198][INFO]: Adding 'minecraft:smithing' recipe, with name: 'crafttweaker:dreadsteel_helmet' that outputs: '<item:dreadsteel:dreadsteel_helmet>'
[06:16:21.198][INFO]: Adding 'minecraft:smithing' recipe, with name: 'crafttweaker:dreadsteel_boots' that outputs: '<item:dreadsteel:dreadsteel_boots>'
[06:16:21.198][INFO]: Adding 'minecraft:smithing' recipe, with name: 'crafttweaker:dreadsteel_leggings' that outputs: '<item:dreadsteel:dreadsteel_leggings>'
[06:16:21.199][INFO]: Adding 'minecraft:crafting' recipe, of type: "shapeless", with name: 'crafttweaker:dreadsteel_ingot_recipe' that outputs: '<item:dreadsteel:dreadsteel_ingot>'
[06:16:21.199][INFO]: Adding 'minecraft:crafting' recipe, of type: "shapeless", with name: 'crafttweaker:dreadsteel_scythe_recipe' that outputs: '<item:dreadsteel:dreadsteel_scythe>'
[06:16:21.199][INFO]: Adding 'minecraft:crafting' recipe, of type: "shapeless", with name: 'crafttweaker:dreadsteel_shield_recipe' that outputs: '<item:dreadsteel:dreadsteel_shield>'
[06:16:21.200][INFO]: Removing "minecraft:crafting" recipes with modid: "dreadsteel"
[06:16:21.203][INFO]: Adding 'minecraft:crafting' recipe, of type: "shapeless", with name: 'crafttweaker:amnesia_scroll' that outputs: '<item:skilltree:amnesia_scroll>'
[06:16:21.203][INFO]: Adding 'minecraft:crafting' recipe, of type: "shapeless", with name: 'crafttweaker:true_dragons_breath' that outputs: '<item:cisco_mod:true_dragons_breath>'
[06:16:21.207][INFO]: Adding 'minecraft:crafting' recipe, of type: "shapeless", with name: 'crafttweaker:rogue_eye' that outputs: '<item:endrem:rogue_eye>.withTag({Damage: 0})'
[06:16:21.207][INFO]: Adding 'minecraft:crafting' recipe, of type: "shapeless", with name: 'crafttweaker:undead_soul' that outputs: '<item:endrem:undead_soul>'
[06:16:21.208][INFO]: Adding 'minecraft:crafting' recipe, of type: "shapeless", with name: 'crafttweaker:demonium_ingot_recipe' that outputs: '<item:cisco_mod:demonium_ingot>'
[06:16:21.208][INFO]: Adding 'minecraft:crafting' recipe, of type: "shapeless", with name: 'crafttweaker:frigidium_ingot_recipe' that outputs: '<item:cisco_mod:frigidiumingot>'
[06:16:21.208][INFO]: Execution for loader 'crafttweaker' completed successfully
[06:16:21.210][INFO]: This reload was made possible by Pongo Sapiens and more! Become a patron at https://patreon.com/jaredlll08?s=crtmod
