[04May2025 00:00:10.058] [Server thread/INFO] [net.minecraft.server.MinecraftServer/]: [Not Secure] <abel214> porqe ya no tengo el amuleto de menos 100% de armadura
[04May2025 00:00:31.650] [Server thread/INFO] [net.minecraft.server.MinecraftServer/]: [Not Secure] <abel214> yo solo tengo las mais
[04May2025 00:00:33.390] [Server thread/INFO] [net.minecraft.server.MinecraftServer/]: [Not Secure] <abel214> misa
[04May2025 00:00:36.332] [Server thread/INFO] [net.minecraft.server.MinecraftServer/]: [Not Secure] <abel214> son 40
[04May2025 00:01:14.450] [Server thread/INFO] [net.minecraft.server.MinecraftServer/]: [Not Secure] <abel214> JAJAJAA
[04May2025 00:01:17.800] [Server thread/INFO] [net.minecraft.server.MinecraftServer/]: [Not Secure] <abel214> chale
[04May2025 00:01:22.751] [Server thread/INFO] [net.minecraft.server.MinecraftServer/]: [Not Secure] <abel214> JAJAJA
[04May2025 00:01:26.425] [Server thread/INFO] [net.minecraft.server.MinecraftServer/]: [Not Secure] <abel214> ps qe le hiciste
[04May2025 00:01:41.351] [Server thread/INFO] [net.minecraft.server.MinecraftServer/]: [Not Secure] <abel214> qe royo
[04May2025 00:01:42.571] [Server thread/INFO] [net.minecraft.server.MinecraftServer/]: [Not Secure] <abel214> porqe
[04May2025 00:01:50.151] [Server thread/INFO] [net.minecraft.server.MinecraftServer/]: [Not Secure] <abel214> ohhhhh
[04May2025 00:01:51.572] [Server thread/INFO] [net.minecraft.server.MinecraftServer/]: [Not Secure] <abel214> JAJAJA
[04May2025 00:01:58.666] [Server thread/INFO] [net.minecraft.server.MinecraftServer/]: [Not Secure] <abel214> es qe fui a por agua ps
[04May2025 00:02:04.784] [Server thread/INFO] [net.minecraft.server.MinecraftServer/]: [Not Secure] <abel214> pero
[04May2025 00:02:12.103] [Server thread/INFO] [net.minecraft.server.MinecraftServer/]: [Not Secure] <abel214> porq no consigues las 7 bendiciones?
[04May2025 00:02:22.170] [Server thread/INFO] [net.minecraft.server.MinecraftServer/]: [Not Secure] <abel214> y qe
[04May2025 00:02:28.659] [Server thread/INFO] [net.minecraft.server.MinecraftServer/]: [Not Secure] <abel214> mientras no sea imposible w
[04May2025 00:02:36.005] [Server thread/INFO] [net.minecraft.server.MinecraftServer/]: [Not Secure] <abel214> porqe
[04May2025 00:02:48.883] [Server thread/INFO] [net.minecraft.server.MinecraftServer/]: [Not Secure] <abel214> a
[04May2025 00:02:55.382] [Server thread/INFO] [net.minecraft.server.MinecraftServer/]: [Not Secure] <abel214> tremenda l
[04May2025 00:03:34.707] [Server thread/INFO] [net.minecraft.server.MinecraftServer/]: [Not Secure] <abel214> ni habia visto qe ya bajaste
[04May2025 00:04:03.650] [Server thread/INFO] [com.teampotato.redirector.Redirector/]: Redirecting com/ilexiconn/llibrary/server/animation/AnimationHandler
[04May2025 00:04:31.502] [Server thread/WARN] [net.minecraft.world.level.storage.loot.functions.SetItemDamageFunction/]: Couldn't set damage of loot item 1 netherite_scrap
[04May2025 00:04:31.503] [Server thread/WARN] [net.minecraft.world.level.storage.loot.functions.SetItemDamageFunction/]: Couldn't set damage of loot item 1 gold_block
[04May2025 00:04:31.503] [Server thread/WARN] [net.minecraft.world.level.storage.loot.functions.SetItemDamageFunction/]: Couldn't set damage of loot item 1 wisdom_scroll
[04May2025 00:04:31.503] [Server thread/WARN] [net.minecraft.world.level.storage.loot.functions.SetItemDamageFunction/]: Couldn't set damage of loot item 1 diamond
[04May2025 00:05:25.202] [Server thread/WARN] [net.minecraft.server.network.ServerGamePacketListenerImpl/]: Gress moved wrongly!
[04May2025 00:06:02.061] [Server thread/INFO] [net.minecraft.server.MinecraftServer/]: [Not Secure] <abel214> ontas
[04May2025 00:07:02.827] [Server thread/INFO] [net.minecraft.server.MinecraftServer/]: [Not Secure] <abel214> es qe qeria romper la cosa esa
[04May2025 00:07:32.061] [Server thread/INFO] [net.minecraft.server.MinecraftServer/]: abel214 has made the advancement [Need A Map?]
[04May2025 00:10:07.754] [Server thread/WARN] [net.minecraft.world.level.storage.loot.functions.SetItemDamageFunction/]: Couldn't set damage of loot item 1 diamond
[04May2025 00:10:07.754] [Server thread/WARN] [net.minecraft.world.level.storage.loot.functions.SetItemDamageFunction/]: Couldn't set damage of loot item 1 gem_dust
[04May2025 00:10:07.754] [Server thread/WARN] [net.minecraft.world.level.storage.loot.functions.SetItemDamageFunction/]: Couldn't set damage of loot item 1 diamond
[04May2025 00:10:35.080] [Server thread/INFO] [net.minecraft.server.MinecraftServer/]: [Not Secure] <abel214> JAJAJA
[04May2025 00:11:15.786] [Server thread/INFO] [net.minecraft.server.MinecraftServer/]: [Not Secure] <abel214> ahora qe veo
[04May2025 00:11:19.325] [Server thread/INFO] [net.minecraft.server.MinecraftServer/]: [Not Secure] <abel214> porqe suena eso
[04May2025 00:11:27.686] [Server thread/INFO] [net.minecraft.server.MinecraftServer/]: [Not Secure] <abel214> lo del totem
[04May2025 00:11:35.751] [Server thread/INFO] [net.minecraft.server.MinecraftServer/]: [Not Secure] <abel214> cual anillo
[04May2025 00:11:44.200] [Server thread/INFO] [net.minecraft.server.MinecraftServer/]: [Not Secure] <abel214> lo tienes de nuevo?
[04May2025 00:11:47.870] [Server thread/INFO] [net.minecraft.server.MinecraftServer/]: [Not Secure] <abel214> de donde lo sacaste
[04May2025 00:11:59.519] [Server thread/INFO] [net.minecraft.server.MinecraftServer/]: [Not Secure] <abel214> suertudo kkk
[04May2025 00:13:21.752] [Server thread/ERROR] [sophisticatedbackpacks/]: Error getting backpack wrapper - Unable to find backpack at slot index 3 in "main" inventory handler
[04May2025 00:14:43.459] [Server thread/INFO] [net.minecraft.server.MinecraftServer/]: Gress was slain by Vampire
[04May2025 00:14:43.461] [Server thread/INFO] [Enigmatic Legacy/INFO]: Teared Soul Crystal from Gress at X: 564.118143738376, Y: 24.466368041641235, Z: 1217.4935704435238
[04May2025 00:14:56.007] [Server thread/INFO] [net.minecraft.server.MinecraftServer/]: abel214 has made the advancement [Vampire Slayer]
[04May2025 00:15:05.969] [Server thread/INFO] [net.minecraft.server.MinecraftServer/]: [Not Secure] <abel214> creo JAJAJA
[04May2025 00:16:05.155] [Server thread/INFO] [Enigmatic Legacy/INFO]: Player Gress picking up: PermanentItemEntity['Soul Crystal'/125183, l='ServerLevel[world]', x=564.12, y=25.97, z=1217.49]
[04May2025 00:16:05.156] [Server thread/WARN] [Enigmatic Legacy/WARNING]: [WARN] Removing Permanent Item Entity: PermanentItemEntity['Soul Crystal'/125183, l='ServerLevel[world]', x=564.12, y=25.97, z=1217.49]
[04May2025 00:17:49.538] [Server thread/INFO] [net.minecraft.server.MinecraftServer/]: [Not Secure] <abel214> ontas
[04May2025 00:19:20.203] [Server thread/WARN] [net.minecraft.server.network.ServerGamePacketListenerImpl/]: Gress moved wrongly!
[04May2025 00:19:29.706] [Server thread/WARN] [net.minecraft.server.network.ServerGamePacketListenerImpl/]: Gress moved wrongly!
[04May2025 00:19:37.706] [Server thread/INFO] [net.minecraft.server.MinecraftServer/]: Gress was slain by Skeleton
[04May2025 00:19:37.708] [Server thread/INFO] [Enigmatic Legacy/INFO]: Teared Soul Crystal from Gress at X: 589.7229148565955, Y: 15.82807688680232, Z: 1151.51344782335
[04May2025 00:20:23.103] [Server thread/INFO] [net.minecraft.server.MinecraftServer/]: [Not Secure] <abel214> ya
